<?xml version="1.0" encoding="UTF-8"?>
<coverage generated="1643604769374" clover="3.2.0">
  <project timestamp="1643604769374" name="All files">
    <metrics statements="7" coveredstatements="5" conditionals="4" coveredconditionals="2" methods="2" coveredmethods="1" elements="13" coveredelements="8" complexity="0" loc="7" ncloc="7" packages="1" files="1" classes="1"/>
    <file name="App.tsx" path="/Users/jiggag/Projects/react-native-starter/src/App.tsx">
      <metrics statements="7" coveredstatements="5" conditionals="4" coveredconditionals="2" methods="2" coveredmethods="1"/>
      <line num="12" count="1" type="stmt"/>
      <line num="14" count="1" type="cond" truecount="1" falsecount="1"/>
      <line num="15" count="0" type="stmt"/>
      <line num="16" count="0" type="stmt"/>
      <line num="21" count="1" type="stmt"/>
      <line num="23" count="1" type="stmt"/>
      <line num="35" count="1" type="stmt"/>
    </file>
  </project>
</coverage>
