{"/Users/jiggag/Projects/react-native-starter/src/App.tsx": {"path":"/Users/jiggag/Projects/react-native-starter/src/App.tsx","statementMap":{"0":{"start":{"line":12,"column":20},"end":{"line":12,"column":37}},"1":{"start":{"line":14,"column":0},"end":{"line":18,"column":1}},"2":{"start":{"line":15,"column":2},"end":{"line":17,"column":5}},"3":{"start":{"line":16,"column":4},"end":{"line":16,"column":31}},"4":{"start":{"line":21,"column":21},"end":{"line":21,"column":48}},"5":{"start":{"line":23,"column":2},"end":{"line":32,"column":4}},"6":{"start":{"line":35,"column":15},"end":{"line":40,"column":2}}},"fnMap":{"0":{"name":"(anonymous_0)","decl":{"start":{"line":15,"column":45},"end":{"line":15,"column":46}},"loc":{"start":{"line":15,"column":64},"end":{"line":17,"column":3}},"line":15},"1":{"name":"App","decl":{"start":{"line":20,"column":16},"end":{"line":20,"column":19}},"loc":{"start":{"line":20,"column":22},"end":{"line":33,"column":1}},"line":20}},"branchMap":{"0":{"loc":{"start":{"line":14,"column":0},"end":{"line":18,"column":1}},"type":"if","locations":[{"start":{"line":14,"column":0},"end":{"line":18,"column":1}},{"start":{},"end":{}}],"line":14},"1":{"loc":{"start":{"line":26,"column":29},"end":{"line":26,"column":74}},"type":"cond-expr","locations":[{"start":{"line":26,"column":42},"end":{"line":26,"column":57}},{"start":{"line":26,"column":60},"end":{"line":26,"column":74}}],"line":26}},"s":{"0":1,"1":1,"2":0,"3":0,"4":1,"5":1,"6":1},"f":{"0":0,"1":1},"b":{"0":[0,1],"1":[0,1]},"_coverageSchema":"1a1c01bbd47fc00a2c39e90264f33305004495a9","hash":"584deef7729f76355c0bc3a7575e8a26f537fdbb"}
}
